#
# There is insufficient memory for the Java Runtime Environment to continue.
# Native memory allocation (malloc) failed to allocate 1072816 bytes for Chunk::new
# Possible reasons:
#   The system is out of physical RAM or swap space
#   The process is running with CompressedOops enabled, and the Java Heap may be blocking the growth of the native heap
# Possible solutions:
#   Reduce memory load on the system
#   Increase physical memory or swap space
#   Check if swap backing store is full
#   Decrease Java heap size (-Xmx/-Xms)
#   Decrease number of Java threads
#   Decrease Java thread stack sizes (-Xss)
#   Set larger code cache with -XX:ReservedCodeCacheSize=
#   JVM is running with Zero Based Compressed Oops mode in which the Java heap is
#     placed in the first 32GB address space. The Java Heap base address is the
#     maximum limit for the native heap growth. Please use -XX:HeapBaseMinAddress
#     to set the Java Heap base and to place the Java Heap above 32GB virtual address.
# This output file may be truncated or incomplete.
#
#  Out of Memory Error (arena.cpp:189), pid=45208, tid=22164
#
# JRE version: Java(TM) SE Runtime Environment (17.0.11+7) (build 17.0.11+7-LTS-207)
# Java VM: Java HotSpot(TM) 64-Bit Server VM (17.0.11+7-LTS-207, mixed mode, sharing, tiered, compressed oops, compressed class ptrs, g1 gc, windows-amd64)
# No core dump will be written. Minidumps are not enabled by default on client versions of Windows
#

---------------  S U M M A R Y ------------

Command Line: -Dlog4j.log.app=CodeCheckRT-1.0.15 -Dfile.encoding=utf-8 -Dlogback.configurationFile=fixbot-logback.xml -Dlog4j.configurationFile=fixbot-log4j2.xml -Duser.language=zh-cn D:/WeCode/tools/CodeCheckRT-1.0.15/lspServer/fixbot-server-wecode-1.0.15.jar

Host: 12th Gen Intel(R) Core(TM) i7-12700, 20 cores, 31G,  Windows 11 , 64 bit Build 22621 (10.0.22621.3672)
Time: Thu Mar  5 11:27:37 2026  Windows 11 , 64 bit Build 22621 (10.0.22621.3672) elapsed time: 0.645021 seconds (0d 0h 0m 0s)

---------------  T H R E A D  ---------------

Current thread (0x00000135c08978a0):  JavaThread "C2 CompilerThread2" daemon [_thread_in_native, id=22164, stack(0x0000000152200000,0x0000000152300000)]


Current CompileTask:
C2:    645 1436       4       jdk.internal.org.objectweb.asm.Frame::execute (2305 bytes)

Stack: [0x0000000152200000,0x0000000152300000]
Native frames: (J=compiled Java code, j=interpreted, Vv=VM code, C=native code)
V  [jvm.dll+0x679cca]
V  [jvm.dll+0x7da13d]
V  [jvm.dll+0x7dba83]
V  [jvm.dll+0x7dc0f3]
V  [jvm.dll+0x2449af]
V  [jvm.dll+0xab83b]
V  [jvm.dll+0xabe1c]
V  [jvm.dll+0x2a9e6f]
V  [jvm.dll+0x5818d9]
V  [jvm.dll+0x21ed62]
V  [jvm.dll+0x21f13f]
V  [jvm.dll+0x218331]
V  [jvm.dll+0x215505]
V  [jvm.dll+0x1a2040]
V  [jvm.dll+0x225a2b]
V  [jvm.dll+0x223bcb]
V  [jvm.dll+0x7903ec]
V  [jvm.dll+0x78a85a]
V  [jvm.dll+0x678bb5]
C  [ucrtbase.dll+0x29333]
C  [KERNEL32.DLL+0x1257d]
C  [ntdll.dll+0x5af28]


---------------  P R O C E S S  ---------------

Threads class SMR info:
_java_thread_list=0x00000135c0d3e290, length=19, elements={
0x0000013592dc1310, 0x00000135bf4af2e0, 0x00000135bf4b0160, 0x00000135bf4cd320,
0x00000135bf4cf050, 0x00000135bf4d1a20, 0x00000135bf4d23e0, 0x00000135bf4d3180,
0x00000135bf4d7910, 0x00000135c0249f40, 0x00000135c0332830, 0x00000135c0375ba0,
0x00000135c0382960, 0x00000135c0389cc0, 0x00000135c03cae80, 0x00000135c074de60,
0x00000135c08978a0, 0x00000135c0bf19b0, 0x00000135c0bf1e90
}

Java Threads: ( => current thread )
  0x0000013592dc1310 JavaThread "main" [_thread_in_vm, id=36644, stack(0x0000000150b00000,0x0000000150c00000)]
  0x00000135bf4af2e0 JavaThread "Reference Handler" daemon [_thread_blocked, id=52692, stack(0x0000000151200000,0x0000000151300000)]
  0x00000135bf4b0160 JavaThread "Finalizer" daemon [_thread_blocked, id=2104, stack(0x0000000151300000,0x0000000151400000)]
  0x00000135bf4cd320 JavaThread "Signal Dispatcher" daemon [_thread_blocked, id=43004, stack(0x0000000151400000,0x0000000151500000)]
  0x00000135bf4cf050 JavaThread "Attach Listener" daemon [_thread_blocked, id=9280, stack(0x0000000151500000,0x0000000151600000)]
  0x00000135bf4d1a20 JavaThread "Service Thread" daemon [_thread_blocked, id=29796, stack(0x0000000151600000,0x0000000151700000)]
  0x00000135bf4d23e0 JavaThread "Monitor Deflation Thread" daemon [_thread_blocked, id=42284, stack(0x0000000151700000,0x0000000151800000)]
  0x00000135bf4d3180 JavaThread "C2 CompilerThread0" daemon [_thread_blocked, id=20560, stack(0x0000000151800000,0x0000000151900000)]
  0x00000135bf4d7910 JavaThread "C1 CompilerThread0" daemon [_thread_blocked, id=19788, stack(0x0000000151900000,0x0000000151a00000)]
  0x00000135c0249f40 JavaThread "Sweeper thread" daemon [_thread_blocked, id=32816, stack(0x0000000151a00000,0x0000000151b00000)]
  0x00000135c0332830 JavaThread "C1 CompilerThread1" daemon [_thread_blocked, id=30644, stack(0x0000000151b00000,0x0000000151c00000)]
  0x00000135c0375ba0 JavaThread "C1 CompilerThread2" daemon [_thread_in_native, id=9484, stack(0x0000000151c00000,0x0000000151d00000)]
  0x00000135c0382960 JavaThread "Notification Thread" daemon [_thread_blocked, id=35432, stack(0x0000000151d00000,0x0000000151e00000)]
  0x00000135c0389cc0 JavaThread "Common-Cleaner" daemon [_thread_blocked, id=12276, stack(0x0000000151f00000,0x0000000152000000)]
  0x00000135c03cae80 JavaThread "C2 CompilerThread1" daemon [_thread_in_native, id=51356, stack(0x0000000152000000,0x0000000152100000)]
  0x00000135c074de60 JavaThread "C1 CompilerThread3" daemon [_thread_blocked, id=47036, stack(0x0000000152100000,0x0000000152200000)]
=>0x00000135c08978a0 JavaThread "C2 CompilerThread2" daemon [_thread_in_native, id=22164, stack(0x0000000152200000,0x0000000152300000)]
  0x00000135c0bf19b0 JavaThread "FixBotCodeCheckInterceptor-Thread" daemon [_thread_blocked, id=48368, stack(0x0000000152e00000,0x0000000152f00000)]
  0x00000135c0bf1e90 JavaThread "FileCheckTask-Schedule-Thread" daemon [_thread_blocked, id=45484, stack(0x0000000152f00000,0x0000000153000000)]

Other Threads:
  0x00000135bf4ab6d0 VMThread "VM Thread" [stack: 0x0000000151100000,0x0000000151200000] [id=44704]
  0x00000135c0387870 WatcherThread [stack: 0x0000000151e00000,0x0000000151f00000] [id=53172]
  0x0000013592e70b40 GCTaskThread "GC Thread#0" [stack: 0x0000000150c00000,0x0000000150d00000] [id=38944]
  0x00000135c0d5b030 GCTaskThread "GC Thread#1" [stack: 0x0000000152300000,0x0000000152400000] [id=34108]
  0x00000135c0d5b2f0 GCTaskThread "GC Thread#2" [stack: 0x0000000152400000,0x0000000152500000] [id=28124]
  0x00000135c0d5b5b0 GCTaskThread "GC Thread#3" [stack: 0x0000000152500000,0x0000000152600000] [id=51596]
  0x00000135c0d904a0 GCTaskThread "GC Thread#4" [stack: 0x0000000152600000,0x0000000152700000] [id=50024]
  0x00000135c0d90760 GCTaskThread "GC Thread#5" [stack: 0x0000000152700000,0x0000000152800000] [id=41124]
  0x00000135c0d91030 GCTaskThread "GC Thread#6" [stack: 0x0000000152800000,0x0000000152900000] [id=51016]
  0x00000135c0bb75e0 GCTaskThread "GC Thread#7" [stack: 0x0000000152900000,0x0000000152a00000] [id=35600]
  0x00000135c0bb78a0 GCTaskThread "GC Thread#8" [stack: 0x0000000152a00000,0x0000000152b00000] [id=38852]
  0x00000135c0bb7b60 GCTaskThread "GC Thread#9" [stack: 0x0000000152b00000,0x0000000152c00000] [id=43184]
  0x00000135c0bb8220 GCTaskThread "GC Thread#10" [stack: 0x0000000152c00000,0x0000000152d00000] [id=52624]
  0x00000135c0d23340 GCTaskThread "GC Thread#11" [stack: 0x0000000152d00000,0x0000000152e00000] [id=52620]
  0x0000013592e81850 ConcurrentGCThread "G1 Main Marker" [stack: 0x0000000150d00000,0x0000000150e00000] [id=2756]
  0x0000013592e83a10 ConcurrentGCThread "G1 Conc#0" [stack: 0x0000000150e00000,0x0000000150f00000] [id=37396]
  0x00000135bf3e2140 ConcurrentGCThread "G1 Refine#0" [stack: 0x0000000150f00000,0x0000000151000000] [id=45868]
  0x00000135bf3e2b70 ConcurrentGCThread "G1 Service" [stack: 0x0000000151000000,0x0000000151100000] [id=20272]

Threads with active compile tasks:
C1 CompilerThread2      661 1660       3       sun.security.util.KnownOIDs::register (349 bytes)
C2 CompilerThread1      662 1663       4       java.lang.StringBuilder::toString (35 bytes)
C2 CompilerThread2      662 1436       4       jdk.internal.org.objectweb.asm.Frame::execute (2305 bytes)

VM state: not at safepoint (normal execution)

VM Mutex/Monitor currently owned by a thread: None

Heap address: 0x0000000604800000, size: 8120 MB, Compressed Oops mode: Zero based, Oop shift amount: 3

CDS archive(s) mapped at: [0x00000135c1000000-0x00000135c1bd0000-0x00000135c1bd0000), size 12386304, SharedBaseAddress: 0x00000135c1000000, ArchiveRelocationMode: 1.
Compressed class space mapped at: 0x00000135c2000000-0x0000013602000000, reserved size: 1073741824
Narrow klass base: 0x00000135c1000000, Narrow klass shift: 0, Narrow klass range: 0x100000000

GC Precious Log:
 CPUs: 20 total, 20 available
 Memory: 32472M
 Large Page Support: Disabled
 NUMA Support: Disabled
 Compressed Oops: Enabled (Zero based)
 Heap Region Size: 4M
 Heap Min Capacity: 8M
 Heap Initial Capacity: 508M
 Heap Max Capacity: 8120M
 Pre-touch: Disabled
 Parallel Workers: 15
 Concurrent Workers: 4
 Concurrent Refinement Workers: 15
 Periodic GC: Disabled

Heap:
 garbage-first heap   total 520192K, used 16901K [0x0000000604800000, 0x0000000800000000)
  region size 4096K, 3 young (12288K), 1 survivors (4096K)
 Metaspace       used 11004K, committed 11200K, reserved 1114112K
  class space    used 1295K, committed 1408K, reserved 1048576K

Heap Regions: E=young(eden), S=young(survivor), O=old, HS=humongous(starts), HC=humongous(continues), CS=collection set, F=free, OA=open archive, CA=closed archive, TAMS=top-at-mark-start (previous, next)
|   0|0x0000000604800000, 0x0000000604800000, 0x0000000604c00000|  0%| F|  |TAMS 0x0000000604800000, 0x0000000604800000| Untracked 
|   1|0x0000000604c00000, 0x0000000604c00000, 0x0000000605000000|  0%| F|  |TAMS 0x0000000604c00000, 0x0000000604c00000| Untracked 
|   2|0x0000000605000000, 0x0000000605400000, 0x0000000605400000|100%|HS|  |TAMS 0x0000000605000000, 0x0000000605000000| Complete 
|   3|0x0000000605400000, 0x0000000605800000, 0x0000000605800000|100%|HC|  |TAMS 0x0000000605400000, 0x0000000605400000| Complete 
|   4|0x0000000605800000, 0x0000000605881600, 0x0000000605c00000| 12%| O|  |TAMS 0x0000000605800000, 0x0000000605800000| Untracked 
|   5|0x0000000605c00000, 0x0000000605c00000, 0x0000000606000000|  0%| F|  |TAMS 0x0000000605c00000, 0x0000000605c00000| Untracked 
|   6|0x0000000606000000, 0x0000000606000000, 0x0000000606400000|  0%| F|  |TAMS 0x0000000606000000, 0x0000000606000000| Untracked 
|   7|0x0000000606400000, 0x0000000606400000, 0x0000000606800000|  0%| F|  |TAMS 0x0000000606400000, 0x0000000606400000| Untracked 
|   8|0x0000000606800000, 0x0000000606800000, 0x0000000606c00000|  0%| F|  |TAMS 0x0000000606800000, 0x0000000606800000| Untracked 
|   9|0x0000000606c00000, 0x0000000606c00000, 0x0000000607000000|  0%| F|  |TAMS 0x0000000606c00000, 0x0000000606c00000| Untracked 
|  10|0x0000000607000000, 0x0000000607000000, 0x0000000607400000|  0%| F|  |TAMS 0x0000000607000000, 0x0000000607000000| Untracked 
|  11|0x0000000607400000, 0x0000000607400000, 0x0000000607800000|  0%| F|  |TAMS 0x0000000607400000, 0x0000000607400000| Untracked 
|  12|0x0000000607800000, 0x0000000607800000, 0x0000000607c00000|  0%| F|  |TAMS 0x0000000607800000, 0x0000000607800000| Untracked 
|  13|0x0000000607c00000, 0x0000000607c00000, 0x0000000608000000|  0%| F|  |TAMS 0x0000000607c00000, 0x0000000607c00000| Untracked 
|  14|0x0000000608000000, 0x0000000608000000, 0x0000000608400000|  0%| F|  |TAMS 0x0000000608000000, 0x0000000608000000| Untracked 
|  15|0x0000000608400000, 0x0000000608400000, 0x0000000608800000|  0%| F|  |TAMS 0x0000000608400000, 0x0000000608400000| Untracked 
|  16|0x0000000608800000, 0x0000000608800000, 0x0000000608c00000|  0%| F|  |TAMS 0x0000000608800000, 0x0000000608800000| Untracked 
|  17|0x0000000608c00000, 0x0000000608c00000, 0x0000000609000000|  0%| F|  |TAMS 0x0000000608c00000, 0x0000000608c00000| Untracked 
|  18|0x0000000609000000, 0x0000000609000000, 0x0000000609400000|  0%| F|  |TAMS 0x0000000609000000, 0x0000000609000000| Untracked 
|  19|0x0000000609400000, 0x0000000609400000, 0x0000000609800000|  0%| F|  |TAMS 0x0000000609400000, 0x0000000609400000| Untracked 
|  20|0x0000000609800000, 0x0000000609800000, 0x0000000609c00000|  0%| F|  |TAMS 0x0000000609800000, 0x0000000609800000| Untracked 
|  21|0x0000000609c00000, 0x0000000609c00000, 0x000000060a000000|  0%| F|  |TAMS 0x0000000609c00000, 0x0000000609c00000| Untracked 
|  22|0x000000060a000000, 0x000000060a000000, 0x000000060a400000|  0%| F|  |TAMS 0x000000060a000000, 0x000000060a000000| Untracked 
|  23|0x000000060a400000, 0x000000060a400000, 0x000000060a800000|  0%| F|  |TAMS 0x000000060a400000, 0x000000060a400000| Untracked 
|  24|0x000000060a800000, 0x000000060a800000, 0x000000060ac00000|  0%| F|  |TAMS 0x000000060a800000, 0x000000060a800000| Untracked 
|  25|0x000000060ac00000, 0x000000060ac00000, 0x000000060b000000|  0%| F|  |TAMS 0x000000060ac00000, 0x000000060ac00000| Untracked 
|  26|0x000000060b000000, 0x000000060b000000, 0x000000060b400000|  0%| F|  |TAMS 0x000000060b000000, 0x000000060b000000| Untracked 
|  27|0x000000060b400000, 0x000000060b400000, 0x000000060b800000|  0%| F|  |TAMS 0x000000060b400000, 0x000000060b400000| Untracked 
|  28|0x000000060b800000, 0x000000060b800000, 0x000000060bc00000|  0%| F|  |TAMS 0x000000060b800000, 0x000000060b800000| Untracked 
|  29|0x000000060bc00000, 0x000000060bc00000, 0x000000060c000000|  0%| F|  |TAMS 0x000000060bc00000, 0x000000060bc00000| Untracked 
|  30|0x000000060c000000, 0x000000060c000000, 0x000000060c400000|  0%| F|  |TAMS 0x000000060c000000, 0x000000060c000000| Untracked 
|  31|0x000000060c400000, 0x000000060c400000, 0x000000060c800000|  0%| F|  |TAMS 0x000000060c400000, 0x000000060c400000| Untracked 
|  32|0x000000060c800000, 0x000000060c800000, 0x000000060cc00000|  0%| F|  |TAMS 0x000000060c800000, 0x000000060c800000| Untracked 
|  33|0x000000060cc00000, 0x000000060cc00000, 0x000000060d000000|  0%| F|  |TAMS 0x000000060cc00000, 0x000000060cc00000| Untracked 
|  34|0x000000060d000000, 0x000000060d000000, 0x000000060d400000|  0%| F|  |TAMS 0x000000060d000000, 0x000000060d000000| Untracked 
|  35|0x000000060d400000, 0x000000060d400000, 0x000000060d800000|  0%| F|  |TAMS 0x000000060d400000, 0x000000060d400000| Untracked 
|  36|0x000000060d800000, 0x000000060d800000, 0x000000060dc00000|  0%| F|  |TAMS 0x000000060d800000, 0x000000060d800000| Untracked 
|  37|0x000000060dc00000, 0x000000060dc00000, 0x000000060e000000|  0%| F|  |TAMS 0x000000060dc00000, 0x000000060dc00000| Untracked 
|  38|0x000000060e000000, 0x000000060e000000, 0x000000060e400000|  0%| F|  |TAMS 0x000000060e000000, 0x000000060e000000| Untracked 
|  39|0x000000060e400000, 0x000000060e400000, 0x000000060e800000|  0%| F|  |TAMS 0x000000060e400000, 0x000000060e400000| Untracked 
|  40|0x000000060e800000, 0x000000060e800000, 0x000000060ec00000|  0%| F|  |TAMS 0x000000060e800000, 0x000000060e800000| Untracked 
|  41|0x000000060ec00000, 0x000000060ec00000, 0x000000060f000000|  0%| F|  |TAMS 0x000000060ec00000, 0x000000060ec00000| Untracked 
|  42|0x000000060f000000, 0x000000060f000000, 0x000000060f400000|  0%| F|  |TAMS 0x000000060f000000, 0x000000060f000000| Untracked 
|  43|0x000000060f400000, 0x000000060f400000, 0x000000060f800000|  0%| F|  |TAMS 0x000000060f400000, 0x000000060f400000| Untracked 
|  44|0x000000060f800000, 0x000000060f800000, 0x000000060fc00000|  0%| F|  |TAMS 0x000000060f800000, 0x000000060f800000| Untracked 
|  45|0x000000060fc00000, 0x000000060fc00000, 0x0000000610000000|  0%| F|  |TAMS 0x000000060fc00000, 0x000000060fc00000| Untracked 
|  46|0x0000000610000000, 0x0000000610000000, 0x0000000610400000|  0%| F|  |TAMS 0x0000000610000000, 0x0000000610000000| Untracked 
|  47|0x0000000610400000, 0x0000000610400000, 0x0000000610800000|  0%| F|  |TAMS 0x0000000610400000, 0x0000000610400000| Untracked 
|  48|0x0000000610800000, 0x0000000610800000, 0x0000000610c00000|  0%| F|  |TAMS 0x0000000610800000, 0x0000000610800000| Untracked 
|  49|0x0000000610c00000, 0x0000000610c00000, 0x0000000611000000|  0%| F|  |TAMS 0x0000000610c00000, 0x0000000610c00000| Untracked 
|  50|0x0000000611000000, 0x0000000611000000, 0x0000000611400000|  0%| F|  |TAMS 0x0000000611000000, 0x0000000611000000| Untracked 
|  51|0x0000000611400000, 0x0000000611400000, 0x0000000611800000|  0%| F|  |TAMS 0x0000000611400000, 0x0000000611400000| Untracked 
|  52|0x0000000611800000, 0x0000000611800000, 0x0000000611c00000|  0%| F|  |TAMS 0x0000000611800000, 0x0000000611800000| Untracked 
|  53|0x0000000611c00000, 0x0000000611c00000, 0x0000000612000000|  0%| F|  |TAMS 0x0000000611c00000, 0x0000000611c00000| Untracked 
|  54|0x0000000612000000, 0x0000000612000000, 0x0000000612400000|  0%| F|  |TAMS 0x0000000612000000, 0x0000000612000000| Untracked 
|  55|0x0000000612400000, 0x0000000612400000, 0x0000000612800000|  0%| F|  |TAMS 0x0000000612400000, 0x0000000612400000| Untracked 
|  56|0x0000000612800000, 0x0000000612800000, 0x0000000612c00000|  0%| F|  |TAMS 0x0000000612800000, 0x0000000612800000| Untracked 
|  57|0x0000000612c00000, 0x0000000612c00000, 0x0000000613000000|  0%| F|  |TAMS 0x0000000612c00000, 0x0000000612c00000| Untracked 
|  58|0x0000000613000000, 0x0000000613000000, 0x0000000613400000|  0%| F|  |TAMS 0x0000000613000000, 0x0000000613000000| Untracked 
|  59|0x0000000613400000, 0x0000000613400000, 0x0000000613800000|  0%| F|  |TAMS 0x0000000613400000, 0x0000000613400000| Untracked 
|  60|0x0000000613800000, 0x0000000613800000, 0x0000000613c00000|  0%| F|  |TAMS 0x0000000613800000, 0x0000000613800000| Untracked 
|  61|0x0000000613c00000, 0x0000000613c00000, 0x0000000614000000|  0%| F|  |TAMS 0x0000000613c00000, 0x0000000613c00000| Untracked 
|  62|0x0000000614000000, 0x0000000614000000, 0x0000000614400000|  0%| F|  |TAMS 0x0000000614000000, 0x0000000614000000| Untracked 
|  63|0x0000000614400000, 0x0000000614400000, 0x0000000614800000|  0%| F|  |TAMS 0x0000000614400000, 0x0000000614400000| Untracked 
|  64|0x0000000614800000, 0x0000000614800000, 0x0000000614c00000|  0%| F|  |TAMS 0x0000000614800000, 0x0000000614800000| Untracked 
|  65|0x0000000614c00000, 0x0000000614c00000, 0x0000000615000000|  0%| F|  |TAMS 0x0000000614c00000, 0x0000000614c00000| Untracked 
|  66|0x0000000615000000, 0x0000000615000000, 0x0000000615400000|  0%| F|  |TAMS 0x0000000615000000, 0x0000000615000000| Untracked 
|  67|0x0000000615400000, 0x0000000615400000, 0x0000000615800000|  0%| F|  |TAMS 0x0000000615400000, 0x0000000615400000| Untracked 
|  68|0x0000000615800000, 0x0000000615800000, 0x0000000615c00000|  0%| F|  |TAMS 0x0000000615800000, 0x0000000615800000| Untracked 
|  69|0x0000000615c00000, 0x0000000615c00000, 0x0000000616000000|  0%| F|  |TAMS 0x0000000615c00000, 0x0000000615c00000| Untracked 
|  70|0x0000000616000000, 0x0000000616000000, 0x0000000616400000|  0%| F|  |TAMS 0x0000000616000000, 0x0000000616000000| Untracked 
|  71|0x0000000616400000, 0x0000000616400000, 0x0000000616800000|  0%| F|  |TAMS 0x0000000616400000, 0x0000000616400000| Untracked 
|  72|0x0000000616800000, 0x0000000616800000, 0x0000000616c00000|  0%| F|  |TAMS 0x0000000616800000, 0x0000000616800000| Untracked 
|  73|0x0000000616c00000, 0x0000000616c00000, 0x0000000617000000|  0%| F|  |TAMS 0x0000000616c00000, 0x0000000616c00000| Untracked 
|  74|0x0000000617000000, 0x0000000617000000, 0x0000000617400000|  0%| F|  |TAMS 0x0000000617000000, 0x0000000617000000| Untracked 
|  75|0x0000000617400000, 0x0000000617400000, 0x0000000617800000|  0%| F|  |TAMS 0x0000000617400000, 0x0000000617400000| Untracked 
|  76|0x0000000617800000, 0x0000000617800000, 0x0000000617c00000|  0%| F|  |TAMS 0x0000000617800000, 0x0000000617800000| Untracked 
|  77|0x0000000617c00000, 0x0000000617c00000, 0x0000000618000000|  0%| F|  |TAMS 0x0000000617c00000, 0x0000000617c00000| Untracked 
|  78|0x0000000618000000, 0x0000000618000000, 0x0000000618400000|  0%| F|  |TAMS 0x0000000618000000, 0x0000000618000000| Untracked 
|  79|0x0000000618400000, 0x0000000618400000, 0x0000000618800000|  0%| F|  |TAMS 0x0000000618400000, 0x0000000618400000| Untracked 
|  80|0x0000000618800000, 0x0000000618800000, 0x0000000618c00000|  0%| F|  |TAMS 0x0000000618800000, 0x0000000618800000| Untracked 
|  81|0x0000000618c00000, 0x0000000618c00000, 0x0000000619000000|  0%| F|  |TAMS 0x0000000618c00000, 0x0000000618c00000| Untracked 
|  82|0x0000000619000000, 0x0000000619000000, 0x0000000619400000|  0%| F|  |TAMS 0x0000000619000000, 0x0000000619000000| Untracked 
|  83|0x0000000619400000, 0x0000000619400000, 0x0000000619800000|  0%| F|  |TAMS 0x0000000619400000, 0x0000000619400000| Untracked 
|  84|0x0000000619800000, 0x0000000619800000, 0x0000000619c00000|  0%| F|  |TAMS 0x0000000619800000, 0x0000000619800000| Untracked 
|  85|0x0000000619c00000, 0x0000000619c00000, 0x000000061a000000|  0%| F|  |TAMS 0x0000000619c00000, 0x0000000619c00000| Untracked 
|  86|0x000000061a000000, 0x000000061a000000, 0x000000061a400000|  0%| F|  |TAMS 0x000000061a000000, 0x000000061a000000| Untracked 
|  87|0x000000061a400000, 0x000000061a400000, 0x000000061a800000|  0%| F|  |TAMS 0x000000061a400000, 0x000000061a400000| Untracked 
|  88|0x000000061a800000, 0x000000061a800000, 0x000000061ac00000|  0%| F|  |TAMS 0x000000061a800000, 0x000000061a800000| Untracked 
|  89|0x000000061ac00000, 0x000000061ac00000, 0x000000061b000000|  0%| F|  |TAMS 0x000000061ac00000, 0x000000061ac00000| Untracked 
|  90|0x000000061b000000, 0x000000061b000000, 0x000000061b400000|  0%| F|  |TAMS 0x000000061b000000, 0x000000061b000000| Untracked 
|  91|0x000000061b400000, 0x000000061b400000, 0x000000061b800000|  0%| F|  |TAMS 0x000000061b400000, 0x000000061b400000| Untracked 
|  92|0x000000061b800000, 0x000000061b800000, 0x000000061bc00000|  0%| F|  |TAMS 0x000000061b800000, 0x000000061b800000| Untracked 
|  93|0x000000061bc00000, 0x000000061bc00000, 0x000000061c000000|  0%| F|  |TAMS 0x000000061bc00000, 0x000000061bc00000| Untracked 
|  94|0x000000061c000000, 0x000000061c000000, 0x000000061c400000|  0%| F|  |TAMS 0x000000061c000000, 0x000000061c000000| Untracked 
|  95|0x000000061c400000, 0x000000061c400000, 0x000000061c800000|  0%| F|  |TAMS 0x000000061c400000, 0x000000061c400000| Untracked 
|  96|0x000000061c800000, 0x000000061c800000, 0x000000061cc00000|  0%| F|  |TAMS 0x000000061c800000, 0x000000061c800000| Untracked 
|  97|0x000000061cc00000, 0x000000061cc00000, 0x000000061d000000|  0%| F|  |TAMS 0x000000061cc00000, 0x000000061cc00000| Untracked 
|  98|0x000000061d000000, 0x000000061d000000, 0x000000061d400000|  0%| F|  |TAMS 0x000000061d000000, 0x000000061d000000| Untracked 
|  99|0x000000061d400000, 0x000000061d400000, 0x000000061d800000|  0%| F|  |TAMS 0x000000061d400000, 0x000000061d400000| Untracked 
| 100|0x000000061d800000, 0x000000061d800000, 0x000000061dc00000|  0%| F|  |TAMS 0x000000061d800000, 0x000000061d800000| Untracked 
| 101|0x000000061dc00000, 0x000000061dc00000, 0x000000061e000000|  0%| F|  |TAMS 0x000000061dc00000, 0x000000061dc00000| Untracked 
| 102|0x000000061e000000, 0x000000061e000000, 0x000000061e400000|  0%| F|  |TAMS 0x000000061e000000, 0x000000061e000000| Untracked 
| 103|0x000000061e400000, 0x000000061e400000, 0x000000061e800000|  0%| F|  |TAMS 0x000000061e400000, 0x000000061e400000| Untracked 
| 104|0x000000061e800000, 0x000000061e800000, 0x000000061ec00000|  0%| F|  |TAMS 0x000000061e800000, 0x000000061e800000| Untracked 
| 105|0x000000061ec00000, 0x000000061ec00000, 0x000000061f000000|  0%| F|  |TAMS 0x000000061ec00000, 0x000000061ec00000| Untracked 
| 106|0x000000061f000000, 0x000000061f000000, 0x000000061f400000|  0%| F|  |TAMS 0x000000061f000000, 0x000000061f000000| Untracked 
| 107|0x000000061f400000, 0x000000061f400000, 0x000000061f800000|  0%| F|  |TAMS 0x000000061f400000, 0x000000061f400000| Untracked 
| 108|0x000000061f800000, 0x000000061f800000, 0x000000061fc00000|  0%| F|  |TAMS 0x000000061f800000, 0x000000061f800000| Untracked 
| 109|0x000000061fc00000, 0x000000061fc00000, 0x0000000620000000|  0%| F|  |TAMS 0x000000061fc00000, 0x000000061fc00000| Untracked 
| 110|0x0000000620000000, 0x0000000620000000, 0x0000000620400000|  0%| F|  |TAMS 0x0000000620000000, 0x0000000620000000| Untracked 
| 111|0x0000000620400000, 0x0000000620400000, 0x0000000620800000|  0%| F|  |TAMS 0x0000000620400000, 0x0000000620400000| Untracked 
| 112|0x0000000620800000, 0x0000000620800000, 0x0000000620c00000|  0%| F|  |TAMS 0x0000000620800000, 0x0000000620800000| Untracked 
| 113|0x0000000620c00000, 0x0000000620c00000, 0x0000000621000000|  0%| F|  |TAMS 0x0000000620c00000, 0x0000000620c00000| Untracked 
| 114|0x0000000621000000, 0x0000000621000000, 0x0000000621400000|  0%| F|  |TAMS 0x0000000621000000, 0x0000000621000000| Untracked 
| 115|0x0000000621400000, 0x0000000621400000, 0x0000000621800000|  0%| F|  |TAMS 0x0000000621400000, 0x0000000621400000| Untracked 
| 116|0x0000000621800000, 0x0000000621800000, 0x0000000621c00000|  0%| F|  |TAMS 0x0000000621800000, 0x0000000621800000| Untracked 
| 117|0x0000000621c00000, 0x0000000621c00000, 0x0000000622000000|  0%| F|  |TAMS 0x0000000621c00000, 0x0000000621c00000| Untracked 
| 118|0x0000000622000000, 0x0000000622000000, 0x0000000622400000|  0%| F|  |TAMS 0x0000000622000000, 0x0000000622000000| Untracked 
| 119|0x0000000622400000, 0x0000000622400000, 0x0000000622800000|  0%| F|  |TAMS 0x0000000622400000, 0x0000000622400000| Untracked 
| 120|0x0000000622800000, 0x0000000622c00000, 0x0000000622c00000|100%| S|CS|TAMS 0x0000000622800000, 0x0000000622800000| Complete 
| 121|0x0000000622c00000, 0x0000000622c00000, 0x0000000623000000|  0%| F|  |TAMS 0x0000000622c00000, 0x0000000622c00000| Untracked 
| 122|0x0000000623000000, 0x0000000623000000, 0x0000000623400000|  0%| F|  |TAMS 0x0000000623000000, 0x0000000623000000| Untracked 
| 123|0x0000000623400000, 0x0000000623400000, 0x0000000623800000|  0%| F|  |TAMS 0x0000000623400000, 0x0000000623400000| Untracked 
| 124|0x0000000623800000, 0x0000000623800000, 0x0000000623c00000|  0%| F|  |TAMS 0x0000000623800000, 0x0000000623800000| Untracked 
| 125|0x0000000623c00000, 0x0000000623dce548, 0x0000000624000000| 45%| E|  |TAMS 0x0000000623c00000, 0x0000000623c00000| Complete 
| 126|0x0000000624000000, 0x0000000624400000, 0x0000000624400000|100%| E|CS|TAMS 0x0000000624000000, 0x0000000624000000| Complete 

Card table byte_map: [0x00000135ab120000,0x00000135ac100000] _byte_map_base: 0x00000135a80fc000

Marking Bits (Prev, Next): (CMBitMap*) 0x0000013592e71160, (CMBitMap*) 0x0000013592e711a0
 Prev Bits: [0x00000135ad0e0000, 0x00000135b4fc0000)
 Next Bits: [0x00000135b4fc0000, 0x00000135bcea0000)

Polling page: 0x0000013590c80000

Metaspace:

Usage:
  Non-class:      9.59 MB used.
      Class:      1.27 MB used.
       Both:     10.87 MB used.

Virtual space:
  Non-class space:       64.00 MB reserved,       9.69 MB ( 15%) committed,  1 nodes.
      Class space:        1.00 GB reserved,       1.38 MB ( <1%) committed,  1 nodes.
             Both:        1.06 GB reserved,      11.06 MB (  1%) committed. 

Chunk freelists:
   Non-Class:  6.00 MB
       Class:  14.52 MB
        Both:  20.52 MB

MaxMetaspaceSize: unlimited
CompressedClassSpaceSize: 1.00 GB
Initial GC threshold: 21.00 MB
Current GC threshold: 21.00 MB
CDS: on
MetaspaceReclaimPolicy: balanced
 - commit_granule_bytes: 65536.
 - commit_granule_words: 8192.
 - virtual_space_node_default_size: 8388608.
 - enlarge_chunks_in_place: 1.
 - new_chunks_are_fully_committed: 0.
 - uncommit_free_chunks: 1.
 - use_allocation_guard: 0.
 - handle_deallocations: 1.


Internal statistics:

num_allocs_failed_limit: 0.
num_arena_births: 214.
num_arena_deaths: 0.
num_vsnodes_births: 2.
num_vsnodes_deaths: 0.
num_space_committed: 177.
num_space_uncommitted: 0.
num_chunks_returned_to_freelist: 0.
num_chunks_taken_from_freelist: 497.
num_chunk_merges: 0.
num_chunk_splits: 313.
num_chunks_enlarged: 202.
num_inconsistent_stats: 0.

CodeHeap 'non-profiled nmethods': size=119168Kb used=490Kb max_used=490Kb free=118677Kb
 bounds [0x00000135a2220000, 0x00000135a2490000, 0x00000135a9680000]
CodeHeap 'profiled nmethods': size=119104Kb used=3051Kb max_used=3051Kb free=116053Kb
 bounds [0x000001359a680000, 0x000001359a980000, 0x00000135a1ad0000]
CodeHeap 'non-nmethods': size=7488Kb used=2923Kb max_used=2955Kb free=4564Kb
 bounds [0x00000135a1ad0000, 0x00000135a1dc0000, 0x00000135a2220000]
 total_blobs=2204 nmethods=1666 adapters=447
 compilation: enabled
              stopped_count=0, restarted_count=0
 full_count=0

Compilation events (20 events):
Event: 0.641 Thread 0x00000135c0332830 nmethod 1629 0x000001359a966b90 code [0x000001359a966d80, 0x000001359a967238]
Event: 0.641 Thread 0x00000135c0375ba0 1633       3       java.lang.invoke.MethodHandleNatives::refKindIsGetter (32 bytes)
Event: 0.641 Thread 0x00000135c0332830 1631       3       jdk.internal.org.objectweb.asm.AnnotationVisitor::<init> (7 bytes)
Event: 0.641 Thread 0x00000135c074de60 nmethod 1630 0x000001359a967410 code [0x000001359a9675e0, 0x000001359a967a08]
Event: 0.641 Thread 0x00000135c074de60 1632       3       jdk.internal.org.objectweb.asm.AnnotationVisitor::<init> (88 bytes)
Event: 0.641 Thread 0x00000135c0332830 nmethod 1631 0x000001359a967b90 code [0x000001359a967d40, 0x000001359a967e88]
Event: 0.641 Thread 0x00000135c0375ba0 nmethod 1633 0x000001359a967f10 code [0x000001359a9680a0, 0x000001359a9681f8]
Event: 0.641 Thread 0x00000135c0332830 1634       3       jdk.internal.org.objectweb.asm.AnnotationWriter::visitEnd (44 bytes)
Event: 0.641 Thread 0x00000135bf4d7910 nmethod 1625 0x000001359a968290 code [0x000001359a9685c0, 0x000001359a969898]
Event: 0.641 Thread 0x00000135c0332830 nmethod 1634 0x000001359a969d90 code [0x000001359a969f20, 0x000001359a96a0d8]
Event: 0.642 Thread 0x00000135c074de60 nmethod 1632 0x000001359a96a210 code [0x000001359a96a460, 0x000001359a96ad48]
Event: 0.642 Thread 0x00000135c0332830 1637       3       java.lang.invoke.InvokerBytecodeGenerator::assertStaticType (58 bytes)
Event: 0.642 Thread 0x00000135bf4d3180 1638       4       jdk.internal.org.objectweb.asm.Frame::push (109 bytes)
Event: 0.642 Thread 0x00000135c0332830 nmethod 1637 0x000001359a96b010 code [0x000001359a96b200, 0x000001359a96b718]
Event: 0.642 Thread 0x00000135c03cae80 nmethod 1575% 0x00000135a2294310 code [0x00000135a22944e0, 0x00000135a22958a8]
Event: 0.643 Thread 0x00000135c0332830 1639       1       java.util.stream.FindOps$FindSink::cancellationRequested (5 bytes)
Event: 0.643 Thread 0x00000135c0332830 nmethod 1639 0x00000135a2296090 code [0x00000135a2296220, 0x00000135a22962f8]
Event: 0.643 Thread 0x00000135bf4d3180 nmethod 1638 0x00000135a2296390 code [0x00000135a2296520, 0x00000135a22967d8]
Event: 0.644 Thread 0x00000135c0332830 1640       3       java.util.stream.Sink$ChainedReference::cancellationRequested (10 bytes)
Event: 0.644 Thread 0x00000135c0332830 nmethod 1640 0x000001359a96b910 code [0x000001359a96bac0, 0x000001359a96bca8]

GC Heap History (2 events):
Event: 0.574 GC heap before
{Heap before GC invocations=0 (full 0):
 garbage-first heap   total 520192K, used 40960K [0x0000000604800000, 0x0000000800000000)
  region size 4096K, 6 young (24576K), 0 survivors (0K)
 Metaspace       used 9360K, committed 9664K, reserved 1114112K
  class space    used 1084K, committed 1216K, reserved 1048576K
}
Event: 0.582 GC heap after
{Heap after GC invocations=1 (full 0):
 garbage-first heap   total 520192K, used 12805K [0x0000000604800000, 0x0000000800000000)
  region size 4096K, 1 young (4096K), 1 survivors (4096K)
 Metaspace       used 9360K, committed 9664K, reserved 1114112K
  class space    used 1084K, committed 1216K, reserved 1048576K
}

Deoptimization events (20 events):
Event: 0.498 Thread 0x0000013592dc1310 DEOPT PACKING pc=0x00000135a224d148 sp=0x0000000150bfd540
Event: 0.498 Thread 0x0000013592dc1310 DEOPT UNPACKING pc=0x00000135a1b223a3 sp=0x0000000150bfd4e0 mode 2
Event: 0.582 Thread 0x0000013592dc1310 Uncommon trap: trap_request=0xffffff45 fr.pc=0x00000135a225df60 relative=0x00000000000000e0
Event: 0.582 Thread 0x0000013592dc1310 Uncommon trap: reason=unstable_if action=reinterpret pc=0x00000135a225df60 method=java.lang.ref.SoftReference.get()Ljava/lang/Object; @ 17 c2
Event: 0.582 Thread 0x0000013592dc1310 DEOPT PACKING pc=0x00000135a225df60 sp=0x0000000150bfe060
Event: 0.582 Thread 0x0000013592dc1310 DEOPT UNPACKING pc=0x00000135a1b223a3 sp=0x0000000150bfe010 mode 2
Event: 0.586 Thread 0x0000013592dc1310 Uncommon trap: trap_request=0xffffff45 fr.pc=0x00000135a227a730 relative=0x0000000000000170
Event: 0.586 Thread 0x0000013592dc1310 Uncommon trap: reason=unstable_if action=reinterpret pc=0x00000135a227a730 method=java.util.concurrent.ConcurrentHashMap.addCount(JI)V @ 121 c2
Event: 0.586 Thread 0x0000013592dc1310 DEOPT PACKING pc=0x00000135a227a730 sp=0x0000000150bfd090
Event: 0.586 Thread 0x0000013592dc1310 DEOPT UNPACKING pc=0x00000135a1b223a3 sp=0x0000000150bfcff0 mode 2
Event: 0.594 Thread 0x0000013592dc1310 DEOPT PACKING pc=0x000001359a76e9bb sp=0x0000000150bfe020
Event: 0.594 Thread 0x0000013592dc1310 DEOPT UNPACKING pc=0x00000135a1b22b43 sp=0x0000000150bfd480 mode 0
Event: 0.598 Thread 0x0000013592dc1310 Uncommon trap: trap_request=0xffffff45 fr.pc=0x00000135a227b568 relative=0x00000000000007e8
Event: 0.598 Thread 0x0000013592dc1310 Uncommon trap: reason=unstable_if action=reinterpret pc=0x00000135a227b568 method=java.util.HashMap.hash(Ljava/lang/Object;)I @ 1 c2
Event: 0.598 Thread 0x0000013592dc1310 DEOPT PACKING pc=0x00000135a227b568 sp=0x0000000150bfd9f0
Event: 0.598 Thread 0x0000013592dc1310 DEOPT UNPACKING pc=0x00000135a1b223a3 sp=0x0000000150bfd970 mode 2
Event: 0.598 Thread 0x0000013592dc1310 Uncommon trap: trap_request=0xffffff45 fr.pc=0x00000135a2278418 relative=0x0000000000000098
Event: 0.598 Thread 0x0000013592dc1310 Uncommon trap: reason=unstable_if action=reinterpret pc=0x00000135a2278418 method=java.util.HashMap.hash(Ljava/lang/Object;)I @ 1 c2
Event: 0.598 Thread 0x0000013592dc1310 DEOPT PACKING pc=0x00000135a2278418 sp=0x0000000150bfd9e0
Event: 0.598 Thread 0x0000013592dc1310 DEOPT UNPACKING pc=0x00000135a1b223a3 sp=0x0000000150bfd978 mode 2

Classes unloaded (0 events):
No events

Classes redefined (0 events):
No events

Internal exceptions (20 events):
Event: 0.152 Thread 0x0000013592dc1310 Exception <a 'java/lang/NoSuchMethodError'{0x0000000623d93c50}: 'java.lang.Object java.lang.invoke.DirectMethodHandle$Holder.invokeStaticInit(java.lang.Object)'> (0x0000000623d93c50) 
thrown [s\open\src\hotspot\share\interpreter\linkResolver.cpp, line 759]
Event: 0.161 Thread 0x0000013592dc1310 Exception <a 'java/lang/NoSuchMethodError'{0x0000000623dd4850}: 'java.lang.Object java.lang.invoke.DirectMethodHandle$Holder.invokeInterface(java.lang.Object, java.lang.Object)'> (0x0000000623dd4850) 
thrown [s\open\src\hotspot\share\interpreter\linkResolver.cpp, line 759]
Event: 0.162 Thread 0x0000013592dc1310 Exception <a 'java/lang/IncompatibleClassChangeError'{0x0000000623dd7da0}: Found class java.lang.Object, but interface was expected> (0x0000000623dd7da0) 
thrown [s\open\src\hotspot\share\interpreter\linkResolver.cpp, line 826]
Event: 0.164 Thread 0x0000013592dc1310 Exception <a 'java/lang/NoSuchMethodError'{0x0000000623de88c8}: 'void java.lang.invoke.DirectMethodHandle$Holder.invokeSpecial(java.lang.Object, java.lang.Object, java.lang.Object)'> (0x0000000623de88c8) 
thrown [s\open\src\hotspot\share\interpreter\linkResolver.cpp, line 759]
Event: 0.168 Thread 0x0000013592dc1310 Exception <a 'java/lang/NoSuchMethodError'{0x0000000623e053b0}: 'java.lang.Object java.lang.invoke.DirectMethodHandle$Holder.newInvokeSpecial(java.lang.Object, java.lang.Object, java.lang.Object, int, java.lang.Object)'> (0x0000000623e053b0) 
thrown [s\open\src\hotspot\share\interpreter\linkResolver.cpp, line 759]
Event: 0.168 Thread 0x0000013592dc1310 Exception <a 'java/lang/NoSuchMethodError'{0x0000000623e0cf70}: 'java.lang.Object java.lang.invoke.Invokers$Holder.linkToTargetMethod(java.lang.Object, java.lang.Object, int, java.lang.Object, java.lang.Object)'> (0x0000000623e0cf70) 
thrown [s\open\src\hotspot\share\interpreter\linkResolver.cpp, line 759]
Event: 0.267 Thread 0x0000013592dc1310 Exception <a 'java/lang/NoSuchMethodError'{0x000000062340a1c8}: 'java.lang.Object java.lang.invoke.DirectMethodHandle$Holder.newInvokeSpecial(java.lang.Object, long, int, java.lang.Object)'> (0x000000062340a1c8) 
thrown [s\open\src\hotspot\share\interpreter\linkResolver.cpp, line 759]
Event: 0.274 Thread 0x0000013592dc1310 Exception <a 'java/lang/NoSuchMethodError'{0x000000062345ce20}: 'void java.lang.invoke.DirectMethodHandle$Holder.invokeStatic(java.lang.Object, java.lang.Object, java.lang.Object, java.lang.Object)'> (0x000000062345ce20) 
thrown [s\open\src\hotspot\share\interpreter\linkResolver.cpp, line 759]
Event: 0.274 Thread 0x0000013592dc1310 Exception <a 'java/lang/NoSuchMethodError'{0x0000000623460ac8}: 'void java.lang.invoke.DirectMethodHandle$Holder.invokeStaticInit(java.lang.Object, java.lang.Object, java.lang.Object, java.lang.Object)'> (0x0000000623460ac8) 
thrown [s\open\src\hotspot\share\interpreter\linkResolver.cpp, line 759]
Event: 0.443 Thread 0x0000013592dc1310 Exception <a 'java/lang/NoSuchMethodError'{0x00000006233340e8}: 'java.lang.Object java.lang.invoke.DirectMethodHandle$Holder.newInvokeSpecial(java.lang.Object, java.lang.Object, java.lang.Object, java.lang.Object, java.lang.Object)'> (0x00000006233340e8) 
thrown [s\open\src\hotspot\share\interpreter\linkResolver.cpp, line 759]
Event: 0.492 Thread 0x0000013592dc1310 Exception <a 'java/lang/NoSuchMethodError'{0x0000000622d279d8}: 'int java.lang.invoke.DirectMethodHandle$Holder.invokeStaticInit(java.lang.Object, java.lang.Object, java.lang.Object)'> (0x0000000622d279d8) 
thrown [s\open\src\hotspot\share\interpreter\linkResolver.cpp, line 759]
Event: 0.510 Thread 0x0000013592dc1310 Exception <a 'sun/nio/fs/WindowsException'{0x0000000622ddba98}> (0x0000000622ddba98) 
thrown [s\open\src\hotspot\share\prims\jni.cpp, line 516]
Event: 0.525 Thread 0x0000013592dc1310 Exception <a 'sun/nio/fs/WindowsException'{0x0000000622e4ed30}> (0x0000000622e4ed30) 
thrown [s\open\src\hotspot\share\prims\jni.cpp, line 516]
Event: 0.534 Thread 0x0000013592dc1310 Exception <a 'java/lang/NoSuchMethodError'{0x0000000622eaa538}: 'int java.lang.invoke.DirectMethodHandle$Holder.invokeInterface(java.lang.Object, java.lang.Object)'> (0x0000000622eaa538) 
thrown [s\open\src\hotspot\share\interpreter\linkResolver.cpp, line 759]
Event: 0.535 Thread 0x0000013592dc1310 Exception <a 'java/lang/IncompatibleClassChangeError'{0x0000000622eada20}: Found class java.lang.Object, but interface was expected> (0x0000000622eada20) 
thrown [s\open\src\hotspot\share\interpreter\linkResolver.cpp, line 826]
Event: 0.535 Thread 0x0000013592dc1310 Exception <a 'java/lang/NoSuchMethodError'{0x0000000622eb3aa8}: 'void java.lang.invoke.DirectMethodHandle$Holder.invokeStatic(java.lang.Object, java.lang.Object)'> (0x0000000622eb3aa8) 
thrown [s\open\src\hotspot\share\interpreter\linkResolver.cpp, line 759]
Event: 0.598 Thread 0x0000013592dc1310 Implicit null exception at 0x00000135a227adbb to 0x00000135a227b54c
Event: 0.598 Thread 0x0000013592dc1310 Implicit null exception at 0x00000135a227838f to 0x00000135a2278409
Event: 0.618 Thread 0x0000013592dc1310 Exception <a 'java/lang/NoSuchMethodError'{0x00000006242130b8}: 'java.lang.Object java.lang.invoke.DirectMethodHandle$Holder.invokeStatic(java.lang.Object, int, java.lang.Object)'> (0x00000006242130b8) 
thrown [s\open\src\hotspot\share\interpreter\linkResolver.cpp, line 759]
Event: 0.624 Thread 0x0000013592dc1310 Exception <a 'java/lang/NoSuchMethodError'{0x000000062429cf90}: 'int java.lang.invoke.DirectMethodHandle$Holder.invokeStaticInit(java.lang.Object, java.lang.Object)'> (0x000000062429cf90) 
thrown [s\open\src\hotspot\share\interpreter\linkResolver.cpp, line 759]

VM Operations (14 events):
Event: 0.086 Executing VM operation: HandshakeAllThreads
Event: 0.086 Executing VM operation: HandshakeAllThreads done
Event: 0.329 Executing VM operation: HandshakeAllThreads
Event: 0.329 Executing VM operation: HandshakeAllThreads done
Event: 0.408 Executing VM operation: ICBufferFull
Event: 0.408 Executing VM operation: ICBufferFull done
Event: 0.450 Executing VM operation: HandshakeAllThreads
Event: 0.450 Executing VM operation: HandshakeAllThreads done
Event: 0.498 Executing VM operation: HandshakeAllThreads
Event: 0.498 Executing VM operation: HandshakeAllThreads done
Event: 0.499 Executing VM operation: HandshakeAllThreads
Event: 0.499 Executing VM operation: HandshakeAllThreads done
Event: 0.574 Executing VM operation: G1CollectForAllocation
Event: 0.582 Executing VM operation: G1CollectForAllocation done

Events (20 events):
Event: 0.611 loading class java/lang/IndexOutOfBoundsException
Event: 0.611 loading class java/lang/IndexOutOfBoundsException done
Event: 0.613 Thread 0x00000135c0bf19b0 Thread added: 0x00000135c0bf19b0
Event: 0.616 Thread 0x00000135c0bf1e90 Thread added: 0x00000135c0bf1e90
Event: 0.617 loading class java/util/concurrent/CompletionStage
Event: 0.617 loading class java/util/concurrent/CompletionStage done
Event: 0.617 loading class java/util/concurrent/CompletionException
Event: 0.617 loading class java/util/concurrent/CompletionException done
Event: 0.618 loading class java/util/stream/SliceOps
Event: 0.618 loading class java/util/stream/SliceOps done
Event: 0.618 loading class java/util/stream/SliceOps$1
Event: 0.618 loading class java/util/stream/SliceOps$1 done
Event: 0.619 loading class java/util/stream/SliceOps$1$1
Event: 0.619 loading class java/util/stream/SliceOps$1$1 done
Event: 0.625 loading class java/lang/invoke/MethodHandle$1
Event: 0.625 loading class java/lang/invoke/MethodHandle$1 done
Event: 0.635 loading class java/util/concurrent/ExecutionException
Event: 0.636 loading class java/util/concurrent/ExecutionException done
Event: 0.643 loading class javax/net/ssl/SSLException
Event: 0.643 loading class javax/net/ssl/SSLException done


Dynamic libraries:
0x00007ff7a5040000 - 0x00007ff7a5050000 	D:\WeCode\tools\CodeCheckRT-1.0.15\jre\bin\java.exe
0x00007ffed9990000 - 0x00007ffed9ba7000 	C:\WINDOWS\SYSTEM32\ntdll.dll
0x00007ffed8490000 - 0x00007ffed8554000 	C:\WINDOWS\System32\KERNEL32.DLL
0x00007ffed6eb0000 - 0x00007ffed725c000 	C:\WINDOWS\System32\KERNELBASE.dll
0x00007ffed74c0000 - 0x00007ffed75d1000 	C:\WINDOWS\System32\ucrtbase.dll
0x00007ffea71d0000 - 0x00007ffea71e9000 	D:\WeCode\tools\CodeCheckRT-1.0.15\jre\bin\jli.dll
0x00007ffe9e420000 - 0x00007ffe9e43b000 	D:\WeCode\tools\CodeCheckRT-1.0.15\jre\bin\VCRUNTIME140.dll
0x00007ffed8e00000 - 0x00007ffed8eb2000 	C:\WINDOWS\System32\ADVAPI32.dll
0x00007ffed77d0000 - 0x00007ffed7877000 	C:\WINDOWS\System32\msvcrt.dll
0x00007ffed76d0000 - 0x00007ffed777a000 	C:\WINDOWS\System32\sechost.dll
0x00007ffed76a0000 - 0x00007ffed76c8000 	C:\WINDOWS\System32\bcrypt.dll
0x00007ffed7e10000 - 0x00007ffed7f25000 	C:\WINDOWS\System32\RPCRT4.dll
0x00007ffed8f40000 - 0x00007ffed90ee000 	C:\WINDOWS\System32\USER32.dll
0x00007ffed6de0000 - 0x00007ffed6e06000 	C:\WINDOWS\System32\win32u.dll
0x00007ffed7de0000 - 0x00007ffed7e09000 	C:\WINDOWS\System32\GDI32.dll
0x00007ffed6cc0000 - 0x00007ffed6dd9000 	C:\WINDOWS\System32\gdi32full.dll
0x00007ffeb9090000 - 0x00007ffeb9323000 	C:\WINDOWS\WinSxS\amd64_microsoft.windows.common-controls_6595b64144ccf1df_6.0.22621.3672_none_2713b9d173822955\COMCTL32.dll
0x00007ffed6e10000 - 0x00007ffed6eaa000 	C:\WINDOWS\System32\msvcp_win.dll
0x00007ffebe850000 - 0x00007ffebe85a000 	C:\WINDOWS\SYSTEM32\VERSION.dll
0x00007ffed7780000 - 0x00007ffed77b1000 	C:\WINDOWS\System32\IMM32.DLL
0x00007ffec09f0000 - 0x00007ffec09fc000 	D:\WeCode\tools\CodeCheckRT-1.0.15\jre\bin\vcruntime140_1.dll
0x00007ffe7a100000 - 0x00007ffe7a18e000 	D:\WeCode\tools\CodeCheckRT-1.0.15\jre\bin\msvcp140.dll
0x00007ffe3abd0000 - 0x00007ffe3b7b0000 	D:\WeCode\tools\CodeCheckRT-1.0.15\jre\bin\server\jvm.dll
0x00007ffed77c0000 - 0x00007ffed77c8000 	C:\WINDOWS\System32\PSAPI.DLL
0x00007ffebf210000 - 0x00007ffebf219000 	C:\WINDOWS\SYSTEM32\WSOCK32.dll
0x00007ffed8ec0000 - 0x00007ffed8f31000 	C:\WINDOWS\System32\WS2_32.dll
0x00007ffecae90000 - 0x00007ffecaec4000 	C:\WINDOWS\SYSTEM32\WINMM.dll
0x00007ffed5db0000 - 0x00007ffed5dc8000 	C:\WINDOWS\SYSTEM32\kernel.appcore.dll
0x00007ffebf490000 - 0x00007ffebf49a000 	D:\WeCode\tools\CodeCheckRT-1.0.15\jre\bin\jimage.dll
0x00007ffed44b0000 - 0x00007ffed46e2000 	C:\WINDOWS\SYSTEM32\DBGHELP.DLL
0x00007ffed8670000 - 0x00007ffed89f8000 	C:\WINDOWS\System32\combase.dll
0x00007ffed7f30000 - 0x00007ffed8007000 	C:\WINDOWS\System32\OLEAUT32.dll
0x00007ffeba1b0000 - 0x00007ffeba1e2000 	C:\WINDOWS\SYSTEM32\dbgcore.DLL
0x00007ffed7440000 - 0x00007ffed74bb000 	C:\WINDOWS\System32\bcryptPrimitives.dll
0x00007ffe8e5d0000 - 0x00007ffe8e5f5000 	D:\WeCode\tools\CodeCheckRT-1.0.15\jre\bin\java.dll
0x00007ffe66c30000 - 0x00007ffe66d07000 	D:\WeCode\tools\CodeCheckRT-1.0.15\jre\bin\jsvml.dll
0x00007ffed90f0000 - 0x00007ffed994c000 	C:\WINDOWS\System32\SHELL32.dll
0x00007ffed4a60000 - 0x00007ffed5357000 	C:\WINDOWS\SYSTEM32\windows.storage.dll
0x00007ffed48d0000 - 0x00007ffed4a0f000 	C:\WINDOWS\SYSTEM32\wintypes.dll
0x00007ffed8a20000 - 0x00007ffed8b14000 	C:\WINDOWS\System32\SHCORE.dll
0x00007ffed8b80000 - 0x00007ffed8bde000 	C:\WINDOWS\System32\shlwapi.dll
0x00007ffed6bf0000 - 0x00007ffed6c11000 	C:\WINDOWS\SYSTEM32\profapi.dll
0x00007ffe99950000 - 0x00007ffe99969000 	D:\WeCode\tools\CodeCheckRT-1.0.15\jre\bin\net.dll
0x00007ffed26b0000 - 0x00007ffed27e6000 	C:\WINDOWS\SYSTEM32\WINHTTP.dll
0x00007ffed6250000 - 0x00007ffed62b9000 	C:\WINDOWS\system32\mswsock.dll
0x00007ffed6240000 - 0x00007ffed624b000 	C:\WINDOWS\system32\wshqos.dll
0x00007ffed6230000 - 0x00007ffed6238000 	C:\WINDOWS\SYSTEM32\wshtcpip.DLL
0x00007ffed6220000 - 0x00007ffed6228000 	C:\WINDOWS\SYSTEM32\wship6.dll
0x00007ffe95920000 - 0x00007ffe95936000 	D:\WeCode\tools\CodeCheckRT-1.0.15\jre\bin\nio.dll
0x00007ffe92870000 - 0x00007ffe92888000 	D:\WeCode\tools\CodeCheckRT-1.0.15\jre\bin\zip.dll
0x00007ffeafe80000 - 0x00007ffeafe8a000 	D:\WeCode\tools\CodeCheckRT-1.0.15\jre\bin\management.dll
0x00007ffea7ef0000 - 0x00007ffea7efb000 	D:\WeCode\tools\CodeCheckRT-1.0.15\jre\bin\management_ext.dll
0x00007ffea6530000 - 0x00007ffea6547000 	C:\WINDOWS\system32\napinsp.dll
0x00007ffea6550000 - 0x00007ffea656b000 	C:\WINDOWS\system32\pnrpnsp.dll
0x00007ffed5590000 - 0x00007ffed5688000 	C:\WINDOWS\SYSTEM32\DNSAPI.dll
0x00007ffed5560000 - 0x00007ffed558d000 	C:\WINDOWS\SYSTEM32\IPHLPAPI.DLL
0x00007ffed8660000 - 0x00007ffed8669000 	C:\WINDOWS\System32\NSI.dll
0x00007ffea6510000 - 0x00007ffea6521000 	C:\WINDOWS\System32\winrnr.dll
0x00007ffea6c80000 - 0x00007ffea6c95000 	C:\WINDOWS\system32\wshbth.dll
0x00007ffea66f0000 - 0x00007ffea6717000 	C:\WINDOWS\system32\nlansp_c.dll
0x00007ffecf4d0000 - 0x00007ffecf4da000 	C:\Windows\System32\rasadhlp.dll
0x00007ffed31c0000 - 0x00007ffed3243000 	C:\WINDOWS\System32\fwpuclnt.dll

dbghelp: loaded successfully - version: 4.0.5 - missing functions: none
symbol engine: initialized successfully - sym options: 0x614 - pdb path: .;D:\WeCode\tools\CodeCheckRT-1.0.15\jre\bin;C:\WINDOWS\SYSTEM32;C:\WINDOWS\WinSxS\amd64_microsoft.windows.common-controls_6595b64144ccf1df_6.0.22621.3672_none_2713b9d173822955;D:\WeCode\tools\CodeCheckRT-1.0.15\jre\bin\server

VM Arguments:
jvm_args: -Dlog4j.log.app=CodeCheckRT-1.0.15 -Dfile.encoding=utf-8 -Dlogback.configurationFile=fixbot-logback.xml -Dlog4j.configurationFile=fixbot-log4j2.xml -Duser.language=zh-cn 
java_command: D:/WeCode/tools/CodeCheckRT-1.0.15/lspServer/fixbot-server-wecode-1.0.15.jar
java_class_path (initial): D:/WeCode/tools/CodeCheckRT-1.0.15/lspServer/fixbot-server-wecode-1.0.15.jar
Launcher Type: SUN_STANDARD

[Global flags]
     intx CICompilerCount                          = 12                                        {product} {ergonomic}
     uint ConcGCThreads                            = 4                                         {product} {ergonomic}
     uint G1ConcRefinementThreads                  = 15                                        {product} {ergonomic}
   size_t G1HeapRegionSize                         = 4194304                                   {product} {ergonomic}
    uintx GCDrainStackTargetSize                   = 64                                        {product} {ergonomic}
   size_t InitialHeapSize                          = 532676608                                 {product} {ergonomic}
   size_t MarkStackSize                            = 4194304                                   {product} {ergonomic}
   size_t MaxHeapSize                              = 8514437120                                {product} {ergonomic}
   size_t MaxNewSize                               = 5108662272                                {product} {ergonomic}
   size_t MinHeapDeltaBytes                        = 4194304                                   {product} {ergonomic}
   size_t MinHeapSize                              = 8388608                                   {product} {ergonomic}
    uintx NonNMethodCodeHeapSize                   = 7602480                                {pd product} {ergonomic}
    uintx NonProfiledCodeHeapSize                  = 122027880                              {pd product} {ergonomic}
    uintx ProfiledCodeHeapSize                     = 122027880                              {pd product} {ergonomic}
    uintx ReservedCodeCacheSize                    = 251658240                              {pd product} {ergonomic}
     bool SegmentedCodeCache                       = true                                      {product} {ergonomic}
   size_t SoftMaxHeapSize                          = 8514437120                             {manageable} {ergonomic}
     bool UseCompressedClassPointers               = true                           {product lp64_product} {ergonomic}
     bool UseCompressedOops                        = true                           {product lp64_product} {ergonomic}
     bool UseG1GC                                  = true                                      {product} {ergonomic}
     bool UseLargePagesIndividualAllocation        = false                                  {pd product} {ergonomic}

Logging:
Log output configuration:
 #0: stdout all=warning uptime,level,tags
 #1: stderr all=off uptime,level,tags

Environment Variables:
JAVA_HOME=D:\SoftWare\jdk1.8.0_252\
CLASSPATH=.;D:\SoftWare\jdk1.8.0_252\\lib\dt.jar;D:\SoftWare\jdk1.8.0_252\\lib\tools.jar
PATH=C:\WINDOWS\System32\Wbem;D:\SoftWare\jdk1.8.0_252\bin;C:\WINDOWS\system32;C:\WINDOWS;C:\WINDOWS\System32\Wbem;C:\WINDOWS\System32\WindowsPowerShell\v1.0\;C:\WINDOWS\System32\OpenSSH\;D:\SoftWare\Xshell 7\;D:\SoftWare\Git\cmd;C:\Program Files\TortoiseGit\bin;D:\SoftWare\Xftp\;D:\SoftWare\VSCode-huawei\bin;D:\SoftWare\MinGW\MinGW\bin;D:\SoftWare\Go\Go\bin;D:\SoftWare\jdk1.8.0_252\\bin;D:\SoftWare\Maven\bin;D:\SoftWare\Python\Scripts\;D:\SoftWare\Python\;C:\Users\z30059454\AppData\Local\Microsoft\WindowsApps;D:\SoftWare\CLion 2021.3\bin;;D:\SoftWare\IntelliJ IDEA 2023.2.4\bin;;C:\Users\z30059454\AppData\Local\Pandoc\;;D:\SoftWare\GoLand 2024.1.4\bin;;D:\SoftWare\PyCharm 2024.3.2\bin;
USERNAME=z30059454
OS=Windows_NT
PROCESSOR_IDENTIFIER=Intel64 Family 6 Model 151 Stepping 2, GenuineIntel



---------------  S Y S T E M  ---------------

OS:
 Windows 11 , 64 bit Build 22621 (10.0.22621.3672)
OS uptime: 36 days 16:10 hours

CPU: total 20 (initial active 20) (10 cores per cpu, 2 threads per core) family 6 model 151 stepping 2 microcode 0x22, cx8, cmov, fxsr, ht, mmx, 3dnowpref, sse, sse2, sse3, ssse3, sse4.1, sse4.2, popcnt, lzcnt, tsc, tscinvbit, avx, avx2, aes, erms, clmul, bmi1, bmi2, adx, sha, fma, vzeroupper, clflush, clflushopt, clwb

Memory: 4k page, system-wide physical 32472M (2295M free)
TotalPageFile size 58072M (AvailPageFile size 8M)
current process WorkingSet (physical memory assigned to process): 107M, peak: 107M
current process commit charge ("private bytes"): 651M, peak: 651M

vm_info: Java HotSpot(TM) 64-Bit Server VM (17.0.11+7-LTS-207) for windows-amd64 JRE (17.0.11+7-LTS-207), built on Mar 11 2024 19:01:50 by "mach5one" with MS VC++ 17.6 (VS2022)

END.
