#
# There is insufficient memory for the Java Runtime Environment to continue.
# Native memory allocation (mmap) failed to map 532676608 bytes for G1 virtual space
# Possible reasons:
#   The system is out of physical RAM or swap space
#   The process is running with CompressedOops enabled, and the Java Heap may be blocking the growth of the native heap
# Possible solutions:
#   Reduce memory load on the system
#   Increase physical memory or swap space
#   Check if swap backing store is full
#   Decrease Java heap size (-Xmx/-Xms)
#   Decrease number of Java threads
#   Decrease Java thread stack sizes (-Xss)
#   Set larger code cache with -XX:ReservedCodeCacheSize=
#   JVM is running with Zero Based Compressed Oops mode in which the Java heap is
#     placed in the first 32GB address space. The Java Heap base address is the
#     maximum limit for the native heap growth. Please use -XX:HeapBaseMinAddress
#     to set the Java Heap base and to place the Java Heap above 32GB virtual address.
# This output file may be truncated or incomplete.
#
#  Out of Memory Error (os_windows.cpp:3548), pid=32780, tid=44040
#
# JRE version:  (17.0.11+7) (build )
# Java VM: Java HotSpot(TM) 64-Bit Server VM (17.0.11+7-LTS-207, mixed mode, sharing, tiered, compressed oops, compressed class ptrs, g1 gc, windows-amd64)
# No core dump will be written. Minidumps are not enabled by default on client versions of Windows
#

---------------  S U M M A R Y ------------

Command Line: -Dlog4j.log.app=CodeCheckRT-1.0.15 -Dfile.encoding=utf-8 -Dlogback.configurationFile=fixbot-logback.xml -Dlog4j.configurationFile=fixbot-log4j2.xml -Duser.language=zh-cn D:/WeCode/tools/CodeCheckRT-1.0.15/lspServer/fixbot-server-wecode-1.0.15.jar

Host: 12th Gen Intel(R) Core(TM) i7-12700, 20 cores, 31G,  Windows 11 , 64 bit Build 22621 (10.0.22621.3672)
Time: Thu Mar  5 11:27:30 2026  Windows 11 , 64 bit Build 22621 (10.0.22621.3672) elapsed time: 0.129628 seconds (0d 0h 0m 0s)

---------------  T H R E A D  ---------------

Current thread (0x000001f2ea821de0):  JavaThread "Unknown thread" [_thread_in_vm, id=44040, stack(0x00000066fca00000,0x00000066fcb00000)]

Stack: [0x00000066fca00000,0x00000066fcb00000]
Native frames: (J=compiled Java code, j=interpreted, Vv=VM code, C=native code)
V  [jvm.dll+0x679cca]
V  [jvm.dll+0x7da13d]
V  [jvm.dll+0x7dba83]
V  [jvm.dll+0x7dc0f3]
V  [jvm.dll+0x2449af]
V  [jvm.dll+0x676ce9]
V  [jvm.dll+0x66b852]
V  [jvm.dll+0x3018d6]
V  [jvm.dll+0x308e76]
V  [jvm.dll+0x3596ee]
V  [jvm.dll+0x35991f]
V  [jvm.dll+0x2d89a8]
V  [jvm.dll+0x2d9914]
V  [jvm.dll+0x7ac6b1]
V  [jvm.dll+0x366f61]
V  [jvm.dll+0x78b609]
V  [jvm.dll+0x3ec22f]
V  [jvm.dll+0x3ede61]
C  [jli.dll+0x5297]
C  [ucrtbase.dll+0x29333]
C  [KERNEL32.DLL+0x1257d]
C  [ntdll.dll+0x5af28]


---------------  P R O C E S S  ---------------

Threads class SMR info:
_java_thread_list=0x00007ffe3b687a18, length=0, elements={
}

Java Threads: ( => current thread )

Other Threads:
  0x000001f2ea8d8a30 GCTaskThread "GC Thread#0" [stack: 0x00000066fcb00000,0x00000066fcc00000] [id=51560]
  0x000001f2ea8e9740 ConcurrentGCThread "G1 Main Marker" [stack: 0x00000066fcc00000,0x00000066fcd00000] [id=40304]
  0x000001f2ea8ea150 ConcurrentGCThread "G1 Conc#0" [stack: 0x00000066fcd00000,0x00000066fce00000] [id=45924]

[error occurred during error reporting (printing all threads), id 0xc0000005, EXCEPTION_ACCESS_VIOLATION (0xc0000005) at pc=0x00007ffe3aeb9497]

VM state: not at safepoint (not fully initialized)

VM Mutex/Monitor currently owned by a thread:  ([mutex/lock_event])
[0x000001f2ea81ddf0] Heap_lock - owner thread: 0x000001f2ea821de0

Heap address: 0x0000000604800000, size: 8120 MB, Compressed Oops mode: Zero based, Oop shift amount: 3

CDS archive(s) mapped at: [0x0000000000000000-0x0000000000000000-0x0000000000000000), size 0, SharedBaseAddress: 0x0000000800000000, ArchiveRelocationMode: 1.
Narrow klass base: 0x0000000000000000, Narrow klass shift: 0, Narrow klass range: 0x0

GC Precious Log:
<Empty>

Heap:
 garbage-first heap   total 0K, used 0K [0x0000000604800000, 0x0000000800000000)
  region size 4096K, 0 young (0K), 0 survivors (0K)

[error occurred during error reporting (printing heap information), id 0xc0000005, EXCEPTION_ACCESS_VIOLATION (0xc0000005) at pc=0x00007ffe3b2a3559]

GC Heap History (0 events):
No events

Deoptimization events (0 events):
No events

Classes unloaded (0 events):
No events

Classes redefined (0 events):
No events

Internal exceptions (0 events):
No events

VM Operations (0 events):
No events

Events (1 events):
Event: 0.125 Loaded shared library D:\WeCode\tools\CodeCheckRT-1.0.15\jre\bin\java.dll


Dynamic libraries:
0x00007ff7a5040000 - 0x00007ff7a5050000 	D:\WeCode\tools\CodeCheckRT-1.0.15\jre\bin\java.exe
0x00007ffed9990000 - 0x00007ffed9ba7000 	C:\WINDOWS\SYSTEM32\ntdll.dll
0x00007ffed8490000 - 0x00007ffed8554000 	C:\WINDOWS\System32\KERNEL32.DLL
0x00007ffed6eb0000 - 0x00007ffed725c000 	C:\WINDOWS\System32\KERNELBASE.dll
0x00007ffed74c0000 - 0x00007ffed75d1000 	C:\WINDOWS\System32\ucrtbase.dll
0x00007ffea71d0000 - 0x00007ffea71e9000 	D:\WeCode\tools\CodeCheckRT-1.0.15\jre\bin\jli.dll
0x00007ffed8e00000 - 0x00007ffed8eb2000 	C:\WINDOWS\System32\ADVAPI32.dll
0x00007ffed77d0000 - 0x00007ffed7877000 	C:\WINDOWS\System32\msvcrt.dll
0x00007ffed76d0000 - 0x00007ffed777a000 	C:\WINDOWS\System32\sechost.dll
0x00007ffed76a0000 - 0x00007ffed76c8000 	C:\WINDOWS\System32\bcrypt.dll
0x00007ffed7e10000 - 0x00007ffed7f25000 	C:\WINDOWS\System32\RPCRT4.dll
0x00007ffed8f40000 - 0x00007ffed90ee000 	C:\WINDOWS\System32\USER32.dll
0x00007ffed6de0000 - 0x00007ffed6e06000 	C:\WINDOWS\System32\win32u.dll
0x00007ffed7de0000 - 0x00007ffed7e09000 	C:\WINDOWS\System32\GDI32.dll
0x00007ffed6cc0000 - 0x00007ffed6dd9000 	C:\WINDOWS\System32\gdi32full.dll
0x00007ffed6e10000 - 0x00007ffed6eaa000 	C:\WINDOWS\System32\msvcp_win.dll
0x00007ffeb9090000 - 0x00007ffeb9323000 	C:\WINDOWS\WinSxS\amd64_microsoft.windows.common-controls_6595b64144ccf1df_6.0.22621.3672_none_2713b9d173822955\COMCTL32.dll
0x00007ffebe850000 - 0x00007ffebe85a000 	C:\WINDOWS\SYSTEM32\VERSION.dll
0x00007ffe9e420000 - 0x00007ffe9e43b000 	D:\WeCode\tools\CodeCheckRT-1.0.15\jre\bin\VCRUNTIME140.dll
0x00007ffed7780000 - 0x00007ffed77b1000 	C:\WINDOWS\System32\IMM32.DLL
0x00007ffec09f0000 - 0x00007ffec09fc000 	D:\WeCode\tools\CodeCheckRT-1.0.15\jre\bin\vcruntime140_1.dll
0x00007ffe7a100000 - 0x00007ffe7a18e000 	D:\WeCode\tools\CodeCheckRT-1.0.15\jre\bin\msvcp140.dll
0x00007ffe3abd0000 - 0x00007ffe3b7b0000 	D:\WeCode\tools\CodeCheckRT-1.0.15\jre\bin\server\jvm.dll
0x00007ffed77c0000 - 0x00007ffed77c8000 	C:\WINDOWS\System32\PSAPI.DLL
0x00007ffebf210000 - 0x00007ffebf219000 	C:\WINDOWS\SYSTEM32\WSOCK32.dll
0x00007ffed8ec0000 - 0x00007ffed8f31000 	C:\WINDOWS\System32\WS2_32.dll
0x00007ffecae90000 - 0x00007ffecaec4000 	C:\WINDOWS\SYSTEM32\WINMM.dll
0x00007ffed5db0000 - 0x00007ffed5dc8000 	C:\WINDOWS\SYSTEM32\kernel.appcore.dll
0x00007ffebf490000 - 0x00007ffebf49a000 	D:\WeCode\tools\CodeCheckRT-1.0.15\jre\bin\jimage.dll
0x00007ffed44b0000 - 0x00007ffed46e2000 	C:\WINDOWS\SYSTEM32\DBGHELP.DLL
0x00007ffed8670000 - 0x00007ffed89f8000 	C:\WINDOWS\System32\combase.dll
0x00007ffed7f30000 - 0x00007ffed8007000 	C:\WINDOWS\System32\OLEAUT32.dll
0x00007ffeba1b0000 - 0x00007ffeba1e2000 	C:\WINDOWS\SYSTEM32\dbgcore.DLL
0x00007ffed7440000 - 0x00007ffed74bb000 	C:\WINDOWS\System32\bcryptPrimitives.dll
0x00007ffe8e5d0000 - 0x00007ffe8e5f5000 	D:\WeCode\tools\CodeCheckRT-1.0.15\jre\bin\java.dll

dbghelp: loaded successfully - version: 4.0.5 - missing functions: none
symbol engine: initialized successfully - sym options: 0x614 - pdb path: .;D:\WeCode\tools\CodeCheckRT-1.0.15\jre\bin;C:\WINDOWS\SYSTEM32;C:\WINDOWS\WinSxS\amd64_microsoft.windows.common-controls_6595b64144ccf1df_6.0.22621.3672_none_2713b9d173822955;D:\WeCode\tools\CodeCheckRT-1.0.15\jre\bin\server

VM Arguments:
jvm_args: -Dlog4j.log.app=CodeCheckRT-1.0.15 -Dfile.encoding=utf-8 -Dlogback.configurationFile=fixbot-logback.xml -Dlog4j.configurationFile=fixbot-log4j2.xml -Duser.language=zh-cn 
java_command: D:/WeCode/tools/CodeCheckRT-1.0.15/lspServer/fixbot-server-wecode-1.0.15.jar
java_class_path (initial): D:/WeCode/tools/CodeCheckRT-1.0.15/lspServer/fixbot-server-wecode-1.0.15.jar
Launcher Type: SUN_STANDARD

[Global flags]
     intx CICompilerCount                          = 12                                        {product} {ergonomic}
     uint ConcGCThreads                            = 4                                         {product} {ergonomic}
     uint G1ConcRefinementThreads                  = 15                                        {product} {ergonomic}
   size_t G1HeapRegionSize                         = 4194304                                   {product} {ergonomic}
    uintx GCDrainStackTargetSize                   = 64                                        {product} {ergonomic}
   size_t InitialHeapSize                          = 532676608                                 {product} {ergonomic}
   size_t MarkStackSize                            = 4194304                                   {product} {ergonomic}
   size_t MaxHeapSize                              = 8514437120                                {product} {ergonomic}
   size_t MinHeapDeltaBytes                        = 4194304                                   {product} {ergonomic}
   size_t MinHeapSize                              = 8388608                                   {product} {ergonomic}
    uintx NonNMethodCodeHeapSize                   = 7602480                                {pd product} {ergonomic}
    uintx NonProfiledCodeHeapSize                  = 122027880                              {pd product} {ergonomic}
    uintx ProfiledCodeHeapSize                     = 122027880                              {pd product} {ergonomic}
    uintx ReservedCodeCacheSize                    = 251658240                              {pd product} {ergonomic}
     bool SegmentedCodeCache                       = true                                      {product} {ergonomic}
   size_t SoftMaxHeapSize                          = 8514437120                             {manageable} {ergonomic}
     bool UseCompressedClassPointers               = true                           {product lp64_product} {ergonomic}
     bool UseCompressedOops                        = true                           {product lp64_product} {ergonomic}
     bool UseG1GC                                  = true                                      {product} {ergonomic}
     bool UseLargePagesIndividualAllocation        = false                                  {pd product} {ergonomic}

Logging:
Log output configuration:
 #0: stdout all=warning uptime,level,tags
 #1: stderr all=off uptime,level,tags

Environment Variables:
JAVA_HOME=D:\SoftWare\jdk1.8.0_252\
CLASSPATH=.;D:\SoftWare\jdk1.8.0_252\\lib\dt.jar;D:\SoftWare\jdk1.8.0_252\\lib\tools.jar
PATH=C:\WINDOWS\System32\Wbem;D:\SoftWare\jdk1.8.0_252\bin;C:\WINDOWS\system32;C:\WINDOWS;C:\WINDOWS\System32\Wbem;C:\WINDOWS\System32\WindowsPowerShell\v1.0\;C:\WINDOWS\System32\OpenSSH\;D:\SoftWare\Xshell 7\;D:\SoftWare\Git\cmd;C:\Program Files\TortoiseGit\bin;D:\SoftWare\Xftp\;D:\SoftWare\VSCode-huawei\bin;D:\SoftWare\MinGW\MinGW\bin;D:\SoftWare\Go\Go\bin;D:\SoftWare\jdk1.8.0_252\\bin;D:\SoftWare\Maven\bin;D:\SoftWare\Python\Scripts\;D:\SoftWare\Python\;C:\Users\z30059454\AppData\Local\Microsoft\WindowsApps;D:\SoftWare\CLion 2021.3\bin;;D:\SoftWare\IntelliJ IDEA 2023.2.4\bin;;C:\Users\z30059454\AppData\Local\Pandoc\;;D:\SoftWare\GoLand 2024.1.4\bin;;D:\SoftWare\PyCharm 2024.3.2\bin;
USERNAME=z30059454
OS=Windows_NT
PROCESSOR_IDENTIFIER=Intel64 Family 6 Model 151 Stepping 2, GenuineIntel



---------------  S Y S T E M  ---------------

OS:
 Windows 11 , 64 bit Build 22621 (10.0.22621.3672)
OS uptime: 36 days 16:09 hours

CPU: total 20 (initial active 20) (10 cores per cpu, 2 threads per core) family 6 model 151 stepping 2 microcode 0x22, cx8, cmov, fxsr, ht, mmx, 3dnowpref, sse, sse2, sse3, ssse3, sse4.1, sse4.2, popcnt, lzcnt, tsc, tscinvbit, avx, avx2, aes, erms, clmul, bmi1, bmi2, adx, sha, fma, vzeroupper, clflush, clflushopt, clwb

Memory: 4k page, system-wide physical 32472M (3013M free)
TotalPageFile size 58072M (AvailPageFile size 429M)
current process WorkingSet (physical memory assigned to process): 11M, peak: 11M
current process commit charge ("private bytes"): 75M, peak: 583M

vm_info: Java HotSpot(TM) 64-Bit Server VM (17.0.11+7-LTS-207) for windows-amd64 JRE (17.0.11+7-LTS-207), built on Mar 11 2024 19:01:50 by "mach5one" with MS VC++ 17.6 (VS2022)

END.
